<?xml version="1.0" encoding="UTF-8"?>
<!-- Generated by org.testng.reporters.JUnitReportReporter -->
<testsuite hostname="DESKTOP-JC5UOC0" failures="0" tests="3" name="runner.TestRunner" time="10.049" errors="0" timestamp="2024-02-18T18:17:47 IST" skipped="0">
  <testcase classname="runner.TestRunner" name="runScenario" time="1.676"/>
  <system-out/>
  <testcase classname="runner.TestRunner" name="runScenario" time="6.940"/>
  <system-out/>
  <testcase classname="runner.TestRunner" name="runScenario" time="1.433"/>
  <system-out/>
</testsuite> <!-- runner.TestRunner -->
